This is pdfTeX, Version 3.1415926-2.5-1.40.14 (TeX Live 2013/Debian) (format=pdflatex 2014.12.11)  16 SEP 2015 19:01
entering extended mode
 restricted \write18 enabled.
 %&-line parsing enabled.
**tables.tex
(./tables.tex
LaTeX2e <2011/06/27>
Babel <3.9h> and hyphenation patterns for 4 languages loaded.
(/usr/share/texlive/texmf-dist/tex/latex/base/article.cls
Document Class: article 2007/10/19 v1.4h Standard LaTeX document class
(/usr/share/texlive/texmf-dist/tex/latex/base/size10.clo
File: size10.clo 2007/10/19 v1.4h Standard LaTeX file (size option)
)
\c@part=\count79
\c@section=\count80
\c@subsection=\count81
\c@subsubsection=\count82
\c@paragraph=\count83
\c@subparagraph=\count84
\c@figure=\count85
\c@table=\count86
\abovecaptionskip=\skip41
\belowcaptionskip=\skip42
\bibindent=\dimen102
)
(/usr/share/texmf/tex/latex/pgf/utilities/pgffor.sty
(/usr/share/texmf/tex/latex/pgf/utilities/pgfrcs.sty
(/usr/share/texmf/tex/generic/pgf/utilities/pgfutil-common.tex
\pgfutil@everybye=\toks14
)
(/usr/share/texmf/tex/generic/pgf/utilities/pgfutil-latex.def
\pgfutil@abb=\box26

(/usr/share/texlive/texmf-dist/tex/latex/ms/everyshi.sty
Package: everyshi 2001/05/15 v3.00 EveryShipout Package (MS)
))
(/usr/share/texmf/tex/generic/pgf/utilities/pgfrcs.code.tex
Package: pgfrcs 2010/10/25 v2.10 (rcs-revision 1.24)
))
(/usr/share/texmf/tex/latex/pgf/utilities/pgfkeys.sty
(/usr/share/texmf/tex/generic/pgf/utilities/pgfkeys.code.tex
\pgfkeys@pathtoks=\toks15
\pgfkeys@temptoks=\toks16

(/usr/share/texmf/tex/generic/pgf/utilities/pgfkeysfiltered.code.tex
\pgfkeys@tmptoks=\toks17
)))
(/usr/share/texmf/tex/generic/pgf/utilities/pgffor.code.tex
Package: pgffor 2010/03/23 v2.10 (rcs-revision 1.18)
\pgffor@iter=\dimen103
\pgffor@skip=\dimen104
\pgffor@stack=\toks18
\pgffor@toks=\toks19
)) (./tables.aux

LaTeX Warning: Label `' multiply defined.


LaTeX Warning: Label `' multiply defined.


LaTeX Warning: Label `' multiply defined.


LaTeX Warning: Label `' multiply defined.


LaTeX Warning: Label `' multiply defined.


LaTeX Warning: Label `' multiply defined.


LaTeX Warning: Label `' multiply defined.


LaTeX Warning: Label `' multiply defined.


LaTeX Warning: Label `' multiply defined.


LaTeX Warning: Label `' multiply defined.

)
\openout1 = `tables.aux'.

LaTeX Font Info:    Checking defaults for OML/cmm/m/it on input line 4.
LaTeX Font Info:    ... okay on input line 4.
LaTeX Font Info:    Checking defaults for T1/cmr/m/n on input line 4.
LaTeX Font Info:    ... okay on input line 4.
LaTeX Font Info:    Checking defaults for OT1/cmr/m/n on input line 4.
LaTeX Font Info:    ... okay on input line 4.
LaTeX Font Info:    Checking defaults for OMS/cmsy/m/n on input line 4.
LaTeX Font Info:    ... okay on input line 4.
LaTeX Font Info:    Checking defaults for OMX/cmex/m/n on input line 4.
LaTeX Font Info:    ... okay on input line 4.
LaTeX Font Info:    Checking defaults for U/cmr/m/n on input line 4.
LaTeX Font Info:    ... okay on input line 4.
 ABD: EveryShipout initializing macros (./_--_state_cdm_results.tex
LaTeX Font Info:    External font `cmex10' loaded for size
(Font)              <7> on input line 7.
LaTeX Font Info:    External font `cmex10' loaded for size
(Font)              <5> on input line 7.

Overfull \hbox (66.08418pt too wide) in paragraph at lines 7--74
 [][] 
 []


LaTeX Warning: Float too large for page by 203.54454pt on input line 74.

) (./_--_rd_results.tex
Overfull \hbox (87.29343pt too wide) in paragraph at lines 7--58
 [][] 
 []


LaTeX Warning: Float too large for page by 6.13899pt on input line 58.

) (./_--_extended_rd_results.tex
Overfull \hbox (70.82117pt too wide) in paragraph at lines 7--58
 [][] 
 []


LaTeX Warning: Float too large for page by 4.19455pt on input line 58.

) (./_11_rd_results.tex
Overfull \hbox (78.09897pt too wide) in paragraph at lines 7--58
 [][] 
 []


LaTeX Warning: Float too large for page by 18.13899pt on input line 58.

) (./_11_extended_rd_results.tex
Overfull \hbox (74.00174pt too wide) in paragraph at lines 7--58
 [][] 
 []


LaTeX Warning: Float too large for page by 18.13899pt on input line 58.

) (./_31-33_rd_results.tex
Overfull \hbox (87.29343pt too wide) in paragraph at lines 7--58
 [][] 
 []


LaTeX Warning: Float too large for page by 6.13899pt on input line 58.

) (./_31-33_extended_rd_results.tex
Overfull \hbox (63.43228pt too wide) in paragraph at lines 7--58
 [][] 
 []


LaTeX Warning: Float too large for page by 6.13899pt on input line 58.

) (./_44-45_rd_results.tex
Overfull \hbox (83.09898pt too wide) in paragraph at lines 7--58
 [][] 
 []


LaTeX Warning: Float too large for page by 6.13899pt on input line 58.

) (./_44-45_extended_rd_results.tex
Overfull \hbox (62.51563pt too wide) in paragraph at lines 7--58
 [][] 
 []


LaTeX Warning: Float too large for page by 4.19455pt on input line 58.

) (./_52_rd_results.tex
Overfull \hbox (96.79346pt too wide) in paragraph at lines 7--58
 [][] 
 []


LaTeX Warning: Float too large for page by 6.13899pt on input line 58.

) (./_52_extended_rd_results.tex
Overfull \hbox (62.51563pt too wide) in paragraph at lines 7--58
 [][] 
 []


LaTeX Warning: Float too large for page by 4.19455pt on input line 58.

) [1{/var/lib/texmf/fonts/map/pdftex/updmap/pdftex.map}] [2] [3] [4] [5]
[6] [7] [8] [9] [10] [11] (./tables.aux)

LaTeX Warning: There were multiply-defined labels.

 ) 
Here is how much of TeX's memory you used:
 922 strings out of 494985
 18380 string characters out of 6180355
 187703 words of memory out of 5000000
 4157 multiletter control sequences out of 15000+600000
 3986 words of font info for 15 fonts, out of 8000000 for 9000
 36 hyphenation exceptions out of 8191
 41i,9n,51p,268b,261s stack positions out of 5000i,500n,10000p,200000b,80000s
</usr/share/texlive/texmf-dist/fonts/type1/public/amsfonts/cm/cmmi10.pfb></us
r/share/texlive/texmf-dist/fonts/type1/public/amsfonts/cm/cmr10.pfb></usr/share
/texlive/texmf-dist/fonts/type1/public/amsfonts/cm/cmr7.pfb></usr/share/texlive
/texmf-dist/fonts/type1/public/amsfonts/cm/cmsy10.pfb></usr/share/texlive/texmf
-dist/fonts/type1/public/amsfonts/cm/cmsy7.pfb></usr/share/texlive/texmf-dist/f
onts/type1/public/amsfonts/cm/cmti10.pfb>
Output written on tables.pdf (11 pages, 85094 bytes).
PDF statistics:
 64 PDF objects out of 1000 (max. 8388607)
 44 compressed objects within 1 object stream
 0 named destinations out of 1000 (max. 500000)
 1 words of extra memory for PDF output out of 10000 (max. 10000000)

