\BOOKMARK [1][-]{section.1}{Literature Review}{}% 1
\BOOKMARK [1][-]{section.2}{Theory}{}% 2
\BOOKMARK [1][-]{section.3}{Variables and Data}{}% 3
\BOOKMARK [2][-]{subsection.3.1}{Matching Process}{section.3}% 4
\BOOKMARK [2][-]{subsection.3.2}{Firm Entry Data}{section.3}% 5
\BOOKMARK [2][-]{subsection.3.3}{Tax Data}{section.3}% 6
\BOOKMARK [2][-]{subsection.3.4}{Government Expenditures}{section.3}% 7
\BOOKMARK [2][-]{subsection.3.5}{Additional Controls}{section.3}% 8
\BOOKMARK [2][-]{subsection.3.6}{Preliminary Analysis}{section.3}% 9
\BOOKMARK [1][-]{section.4}{Empirical Design}{}% 10
\BOOKMARK [2][-]{subsection.4.1}{Regression Discontinuity Approach}{section.4}% 11
\BOOKMARK [2][-]{subsection.4.2}{Sensitivity Tests}{section.4}% 12
\BOOKMARK [3][-]{subsubsection.4.2.1}{Extended Bandwidth}{subsection.4.2}% 13
\BOOKMARK [3][-]{subsubsection.4.2.2}{Relaxing Coefficient Symmetry}{subsection.4.2}% 14
\BOOKMARK [3][-]{subsubsection.4.2.3}{Period Specific Cross Section Analysis}{subsection.4.2}% 15
\BOOKMARK [3][-]{subsubsection.4.2.4}{Industry Sub codes}{subsection.4.2}% 16
\BOOKMARK [2][-]{subsection.4.3}{Sub-sample Estimates}{section.4}% 17
\BOOKMARK [1][-]{section.5}{Results}{}% 18
\BOOKMARK [1][-]{section.6}{Conclusion}{}% 19
\BOOKMARK [1][-]{section.7}{Appendix: Figures \046 Tables}{}% 20
